<?xml version="1.0" encoding="UTF-8"?>
<!-- Generated by org.testng.reporters.JUnitXMLReporter -->
<testsuite ignored="0" hostname="DESKTOP-L48DKLF" failures="0" tests="3" name="Chrome Test" time="22.687" errors="0" timestamp="2024-06-07T21:12:49 IST">
  <testcase classname="test.DemoBlazeTest" name="getTitle" time="0.038"/>
  <testcase classname="test.DemoBlazeTest" name="validSignUp" time="2.392"/>
  <testcase classname="test.DemoBlazeTest" name="validSignUp" time="2.633"/>
</testsuite> <!-- Chrome Test -->
