<?xml version="1.0" encoding="UTF-8"?>
<!-- Generated by org.testng.reporters.JUnitXMLReporter -->
<testsuite ignored="0" hostname="DESKTOP-L48DKLF" failures="0" tests="3" name="Firefox Test" time="37.774" errors="0" timestamp="2024-06-07T20:43:06 IST">
  <testcase classname="test.DemoBlazeTest" name="getTitle" time="0.022"/>
  <testcase classname="test.DemoBlazeTest" name="validSignUp" time="2.827"/>
  <testcase classname="test.DemoBlazeTest" name="validSignUp" time="3.321"/>
</testsuite> <!-- Firefox Test -->
