<?xml version="1.0" encoding="UTF-8"?>
<!-- Generated by org.testng.reporters.JUnitXMLReporter -->
<testsuite ignored="0" hostname="DESKTOP-L48DKLF" failures="0" tests="9" name="Test" time="100.023" errors="0" timestamp="2024-06-06T15:51:08 IST">
  <testcase classname="test.DemoBlazeTest" name="getTitle" time="0.052"/>
  <testcase classname="test.DemoBlazeTest" name="validSignUp" time="3.86"/>
  <testcase classname="test.DemoBlazeTest" name="validSignUp" time="3.017"/>
  <testcase classname="test.DemoBlazeTest" name="InValidSignUp" time="2.041"/>
  <testcase classname="test.DemoBlazeTest" name="InValidSignUp" time="1.997"/>
  <testcase classname="test.DemoBlazeTest" name="validLogin" time="13.741"/>
  <testcase classname="test.DemoBlazeTest" name="validLogin" time="14.104"/>
  <testcase classname="test.DemoBlazeTest" name="InvalidLogin" time="2.928"/>
  <testcase classname="test.DemoBlazeTest" name="InvalidLogin" time="2.182"/>
</testsuite> <!-- Test -->
