<?xml version="1.0" encoding="UTF-8"?>
<testng-results ignored="0" total="3" passed="3" failed="0" skipped="0">
  <reporter-output>
  </reporter-output>
  <suite started-at="2024-06-07T21:12:26 IST" name="Suite" finished-at="2024-06-07T21:12:48 IST" duration-ms="22687">
    <groups>
    </groups>
    <test started-at="2024-06-07T21:12:26 IST" name="Chrome Test" finished-at="2024-06-07T21:12:48 IST" duration-ms="22687">
      <class name="test.DemoBlazeTest">
        <test-method is-config="true" signature="browserLaunch(java.lang.String,java.lang.String)[pri:0, instance:test.DemoBlazeTest@46d59067]" started-at="2024-06-07T21:12:26 IST" name="browserLaunch" finished-at="2024-06-07T21:12:33 IST" duration-ms="7214" status="PASS">
          <params>
            <param index="0">
              <value>
                <![CDATA[chrome]]>
              </value>
            </param>
            <param index="1">
              <value>
                <![CDATA[https://www.demoblaze.com/]]>
              </value>
            </param>
          </params>
          <reporter-output>
          </reporter-output>
        </test-method> <!-- browserLaunch -->
        <test-method signature="getTitle(java.lang.String)[pri:1, instance:test.DemoBlazeTest@46d59067]" started-at="2024-06-07T21:12:33 IST" name="getTitle" finished-at="2024-06-07T21:12:33 IST" duration-ms="38" status="PASS">
          <params>
            <param index="0">
              <value>
                <![CDATA[STORE]]>
              </value>
            </param>
          </params>
          <reporter-output>
          </reporter-output>
        </test-method> <!-- getTitle -->
        <test-method is-config="true" signature="browserClose()[pri:0, instance:test.DemoBlazeTest@46d59067]" started-at="2024-06-07T21:12:33 IST" name="browserClose" finished-at="2024-06-07T21:12:33 IST" duration-ms="207" status="PASS">
          <reporter-output>
          </reporter-output>
        </test-method> <!-- browserClose -->
        <test-method is-config="true" signature="browserLaunch(java.lang.String,java.lang.String)[pri:0, instance:test.DemoBlazeTest@46d59067]" started-at="2024-06-07T21:12:35 IST" name="browserLaunch" finished-at="2024-06-07T21:12:39 IST" duration-ms="4069" status="PASS">
          <params>
            <param index="0">
              <value>
                <![CDATA[chrome]]>
              </value>
            </param>
            <param index="1">
              <value>
                <![CDATA[https://www.demoblaze.com/]]>
              </value>
            </param>
          </params>
          <reporter-output>
          </reporter-output>
        </test-method> <!-- browserLaunch -->
        <test-method signature="validSignUp(java.lang.String,java.lang.String)[pri:2, instance:test.DemoBlazeTest@46d59067]" started-at="2024-06-07T21:12:39 IST" name="validSignUp" data-provider="Valid_SignUpCredentials" finished-at="2024-06-07T21:12:41 IST" duration-ms="2392" status="PASS">
          <params>
            <param index="0">
              <value>
                <![CDATA[cde@gmail.com]]>
              </value>
            </param>
            <param index="1">
              <value>
                <![CDATA[cde]]>
              </value>
            </param>
          </params>
          <reporter-output>
          </reporter-output>
        </test-method> <!-- validSignUp -->
        <test-method is-config="true" signature="browserClose()[pri:0, instance:test.DemoBlazeTest@46d59067]" started-at="2024-06-07T21:12:41 IST" name="browserClose" finished-at="2024-06-07T21:12:41 IST" duration-ms="222" status="PASS">
          <reporter-output>
          </reporter-output>
        </test-method> <!-- browserClose -->
        <test-method is-config="true" signature="browserLaunch(java.lang.String,java.lang.String)[pri:0, instance:test.DemoBlazeTest@46d59067]" started-at="2024-06-07T21:12:41 IST" name="browserLaunch" finished-at="2024-06-07T21:12:45 IST" duration-ms="3887" status="PASS">
          <params>
            <param index="0">
              <value>
                <![CDATA[chrome]]>
              </value>
            </param>
            <param index="1">
              <value>
                <![CDATA[https://www.demoblaze.com/]]>
              </value>
            </param>
          </params>
          <reporter-output>
          </reporter-output>
        </test-method> <!-- browserLaunch -->
        <test-method signature="validSignUp(java.lang.String,java.lang.String)[pri:2, instance:test.DemoBlazeTest@46d59067]" started-at="2024-06-07T21:12:45 IST" name="validSignUp" data-provider="Valid_SignUpCredentials" finished-at="2024-06-07T21:12:48 IST" duration-ms="2633" status="PASS">
          <params>
            <param index="0">
              <value>
                <![CDATA[efg@gmail.com]]>
              </value>
            </param>
            <param index="1">
              <value>
                <![CDATA[efg]]>
              </value>
            </param>
          </params>
          <reporter-output>
          </reporter-output>
        </test-method> <!-- validSignUp -->
        <test-method is-config="true" signature="browserClose()[pri:0, instance:test.DemoBlazeTest@46d59067]" started-at="2024-06-07T21:12:48 IST" name="browserClose" finished-at="2024-06-07T21:12:48 IST" duration-ms="202" status="PASS">
          <reporter-output>
          </reporter-output>
        </test-method> <!-- browserClose -->
      </class> <!-- test.DemoBlazeTest -->
    </test> <!-- Chrome Test -->
  </suite> <!-- Suite -->
</testng-results>
