<?xml version="1.0" encoding="UTF-8"?>
<testng-results ignored="0" total="9" passed="9" failed="0" skipped="0">
  <reporter-output>
  </reporter-output>
  <suite started-at="2024-06-06T15:42:10 IST" name="Suite" finished-at="2024-06-06T15:43:52 IST" duration-ms="101778">
    <groups>
    </groups>
    <test started-at="2024-06-06T15:42:10 IST" name="Test" finished-at="2024-06-06T15:43:52 IST" duration-ms="101778">
      <class name="test.DemoBlazeTest">
        <test-method is-config="true" signature="browserLaunch(java.lang.String,java.lang.String)[pri:0, instance:test.DemoBlazeTest@46d59067]" started-at="2024-06-06T15:42:10 IST" name="browserLaunch" finished-at="2024-06-06T15:42:23 IST" duration-ms="12591" status="PASS">
          <params>
            <param index="0">
              <value>
                <![CDATA[chrome]]>
              </value>
            </param>
            <param index="1">
              <value>
                <![CDATA[https://www.demoblaze.com/]]>
              </value>
            </param>
          </params>
          <reporter-output>
          </reporter-output>
        </test-method> <!-- browserLaunch -->
        <test-method signature="getTitle(java.lang.String)[pri:1, instance:test.DemoBlazeTest@46d59067]" started-at="2024-06-06T15:42:23 IST" name="getTitle" finished-at="2024-06-06T15:42:23 IST" duration-ms="140" status="PASS">
          <params>
            <param index="0">
              <value>
                <![CDATA[STORE]]>
              </value>
            </param>
          </params>
          <reporter-output>
          </reporter-output>
        </test-method> <!-- getTitle -->
        <test-method is-config="true" signature="browserClose()[pri:0, instance:test.DemoBlazeTest@46d59067]" started-at="2024-06-06T15:42:23 IST" name="browserClose" finished-at="2024-06-06T15:42:24 IST" duration-ms="712" status="PASS">
          <reporter-output>
          </reporter-output>
        </test-method> <!-- browserClose -->
        <test-method is-config="true" signature="browserLaunch(java.lang.String,java.lang.String)[pri:0, instance:test.DemoBlazeTest@46d59067]" started-at="2024-06-06T15:42:26 IST" name="browserLaunch" finished-at="2024-06-06T15:42:32 IST" duration-ms="6523" status="PASS">
          <params>
            <param index="0">
              <value>
                <![CDATA[chrome]]>
              </value>
            </param>
            <param index="1">
              <value>
                <![CDATA[https://www.demoblaze.com/]]>
              </value>
            </param>
          </params>
          <reporter-output>
          </reporter-output>
        </test-method> <!-- browserLaunch -->
        <test-method signature="validSignUp(java.lang.String,java.lang.String)[pri:2, instance:test.DemoBlazeTest@46d59067]" started-at="2024-06-06T15:42:32 IST" name="validSignUp" data-provider="Valid_SignUpCredentials" finished-at="2024-06-06T15:42:35 IST" duration-ms="2622" status="PASS">
          <params>
            <param index="0">
              <value>
                <![CDATA[cde@gmail.com]]>
              </value>
            </param>
            <param index="1">
              <value>
                <![CDATA[cde]]>
              </value>
            </param>
          </params>
          <reporter-output>
          </reporter-output>
        </test-method> <!-- validSignUp -->
        <test-method is-config="true" signature="browserClose()[pri:0, instance:test.DemoBlazeTest@46d59067]" started-at="2024-06-06T15:42:35 IST" name="browserClose" finished-at="2024-06-06T15:42:35 IST" duration-ms="402" status="PASS">
          <reporter-output>
          </reporter-output>
        </test-method> <!-- browserClose -->
        <test-method is-config="true" signature="browserLaunch(java.lang.String,java.lang.String)[pri:0, instance:test.DemoBlazeTest@46d59067]" started-at="2024-06-06T15:42:35 IST" name="browserLaunch" finished-at="2024-06-06T15:42:40 IST" duration-ms="4379" status="PASS">
          <params>
            <param index="0">
              <value>
                <![CDATA[chrome]]>
              </value>
            </param>
            <param index="1">
              <value>
                <![CDATA[https://www.demoblaze.com/]]>
              </value>
            </param>
          </params>
          <reporter-output>
          </reporter-output>
        </test-method> <!-- browserLaunch -->
        <test-method signature="validSignUp(java.lang.String,java.lang.String)[pri:2, instance:test.DemoBlazeTest@46d59067]" started-at="2024-06-06T15:42:40 IST" name="validSignUp" data-provider="Valid_SignUpCredentials" finished-at="2024-06-06T15:42:42 IST" duration-ms="2675" status="PASS">
          <params>
            <param index="0">
              <value>
                <![CDATA[efg@gmail.com]]>
              </value>
            </param>
            <param index="1">
              <value>
                <![CDATA[efg]]>
              </value>
            </param>
          </params>
          <reporter-output>
          </reporter-output>
        </test-method> <!-- validSignUp -->
        <test-method is-config="true" signature="browserClose()[pri:0, instance:test.DemoBlazeTest@46d59067]" started-at="2024-06-06T15:42:42 IST" name="browserClose" finished-at="2024-06-06T15:42:43 IST" duration-ms="528" status="PASS">
          <reporter-output>
          </reporter-output>
        </test-method> <!-- browserClose -->
        <test-method is-config="true" signature="browserLaunch(java.lang.String,java.lang.String)[pri:0, instance:test.DemoBlazeTest@46d59067]" started-at="2024-06-06T15:42:43 IST" name="browserLaunch" finished-at="2024-06-06T15:42:48 IST" duration-ms="4715" status="PASS">
          <params>
            <param index="0">
              <value>
                <![CDATA[chrome]]>
              </value>
            </param>
            <param index="1">
              <value>
                <![CDATA[https://www.demoblaze.com/]]>
              </value>
            </param>
          </params>
          <reporter-output>
          </reporter-output>
        </test-method> <!-- browserLaunch -->
        <test-method signature="InValidSignUp(java.lang.String,java.lang.String)[pri:3, instance:test.DemoBlazeTest@46d59067]" started-at="2024-06-06T15:42:48 IST" name="InValidSignUp" data-provider="Invalid_SignUpCredentials" finished-at="2024-06-06T15:42:50 IST" duration-ms="1742" status="PASS">
          <params>
            <param index="0">
              <value>
                <![CDATA[test@gmail.com]]>
              </value>
            </param>
            <param index="1">
              <value>
                <![CDATA[]]>
              </value>
            </param>
          </params>
          <reporter-output>
          </reporter-output>
        </test-method> <!-- InValidSignUp -->
        <test-method is-config="true" signature="browserClose()[pri:0, instance:test.DemoBlazeTest@46d59067]" started-at="2024-06-06T15:42:50 IST" name="browserClose" finished-at="2024-06-06T15:42:50 IST" duration-ms="294" status="PASS">
          <reporter-output>
          </reporter-output>
        </test-method> <!-- browserClose -->
        <test-method is-config="true" signature="browserLaunch(java.lang.String,java.lang.String)[pri:0, instance:test.DemoBlazeTest@46d59067]" started-at="2024-06-06T15:42:50 IST" name="browserLaunch" finished-at="2024-06-06T15:42:54 IST" duration-ms="4022" status="PASS">
          <params>
            <param index="0">
              <value>
                <![CDATA[chrome]]>
              </value>
            </param>
            <param index="1">
              <value>
                <![CDATA[https://www.demoblaze.com/]]>
              </value>
            </param>
          </params>
          <reporter-output>
          </reporter-output>
        </test-method> <!-- browserLaunch -->
        <test-method signature="InValidSignUp(java.lang.String,java.lang.String)[pri:3, instance:test.DemoBlazeTest@46d59067]" started-at="2024-06-06T15:42:54 IST" name="InValidSignUp" data-provider="Invalid_SignUpCredentials" finished-at="2024-06-06T15:42:56 IST" duration-ms="1917" status="PASS">
          <params>
            <param index="0">
              <value>
                <![CDATA[]]>
              </value>
            </param>
            <param index="1">
              <value>
                <![CDATA[test123]]>
              </value>
            </param>
          </params>
          <reporter-output>
          </reporter-output>
        </test-method> <!-- InValidSignUp -->
        <test-method is-config="true" signature="browserClose()[pri:0, instance:test.DemoBlazeTest@46d59067]" started-at="2024-06-06T15:42:56 IST" name="browserClose" finished-at="2024-06-06T15:42:56 IST" duration-ms="334" status="PASS">
          <reporter-output>
          </reporter-output>
        </test-method> <!-- browserClose -->
        <test-method is-config="true" signature="browserLaunch(java.lang.String,java.lang.String)[pri:0, instance:test.DemoBlazeTest@46d59067]" started-at="2024-06-06T15:42:56 IST" name="browserLaunch" finished-at="2024-06-06T15:43:01 IST" duration-ms="4690" status="PASS">
          <params>
            <param index="0">
              <value>
                <![CDATA[chrome]]>
              </value>
            </param>
            <param index="1">
              <value>
                <![CDATA[https://www.demoblaze.com/]]>
              </value>
            </param>
          </params>
          <reporter-output>
          </reporter-output>
        </test-method> <!-- browserLaunch -->
        <test-method signature="validLogin(java.lang.String,java.lang.String)[pri:4, instance:test.DemoBlazeTest@46d59067]" started-at="2024-06-06T15:43:01 IST" name="validLogin" data-provider="Valid_LogInCredentials" finished-at="2024-06-06T15:43:16 IST" duration-ms="14822" status="PASS">
          <params>
            <param index="0">
              <value>
                <![CDATA[cde@gmail.com]]>
              </value>
            </param>
            <param index="1">
              <value>
                <![CDATA[cde]]>
              </value>
            </param>
          </params>
          <reporter-output>
          </reporter-output>
        </test-method> <!-- validLogin -->
        <test-method is-config="true" signature="browserClose()[pri:0, instance:test.DemoBlazeTest@46d59067]" started-at="2024-06-06T15:43:16 IST" name="browserClose" finished-at="2024-06-06T15:43:16 IST" duration-ms="546" status="PASS">
          <reporter-output>
          </reporter-output>
        </test-method> <!-- browserClose -->
        <test-method is-config="true" signature="browserLaunch(java.lang.String,java.lang.String)[pri:0, instance:test.DemoBlazeTest@46d59067]" started-at="2024-06-06T15:43:16 IST" name="browserLaunch" finished-at="2024-06-06T15:43:21 IST" duration-ms="4728" status="PASS">
          <params>
            <param index="0">
              <value>
                <![CDATA[chrome]]>
              </value>
            </param>
            <param index="1">
              <value>
                <![CDATA[https://www.demoblaze.com/]]>
              </value>
            </param>
          </params>
          <reporter-output>
          </reporter-output>
        </test-method> <!-- browserLaunch -->
        <test-method signature="validLogin(java.lang.String,java.lang.String)[pri:4, instance:test.DemoBlazeTest@46d59067]" started-at="2024-06-06T15:43:21 IST" name="validLogin" data-provider="Valid_LogInCredentials" finished-at="2024-06-06T15:43:35 IST" duration-ms="13569" status="PASS">
          <params>
            <param index="0">
              <value>
                <![CDATA[efg@gmail.com]]>
              </value>
            </param>
            <param index="1">
              <value>
                <![CDATA[efg]]>
              </value>
            </param>
          </params>
          <reporter-output>
          </reporter-output>
        </test-method> <!-- validLogin -->
        <test-method is-config="true" signature="browserClose()[pri:0, instance:test.DemoBlazeTest@46d59067]" started-at="2024-06-06T15:43:35 IST" name="browserClose" finished-at="2024-06-06T15:43:35 IST" duration-ms="479" status="PASS">
          <reporter-output>
          </reporter-output>
        </test-method> <!-- browserClose -->
        <test-method is-config="true" signature="browserLaunch(java.lang.String,java.lang.String)[pri:0, instance:test.DemoBlazeTest@46d59067]" started-at="2024-06-06T15:43:35 IST" name="browserLaunch" finished-at="2024-06-06T15:43:40 IST" duration-ms="4728" status="PASS">
          <params>
            <param index="0">
              <value>
                <![CDATA[chrome]]>
              </value>
            </param>
            <param index="1">
              <value>
                <![CDATA[https://www.demoblaze.com/]]>
              </value>
            </param>
          </params>
          <reporter-output>
          </reporter-output>
        </test-method> <!-- browserLaunch -->
        <test-method signature="InvalidLogin(java.lang.String,java.lang.String)[pri:5, instance:test.DemoBlazeTest@46d59067]" started-at="2024-06-06T15:43:40 IST" name="InvalidLogin" data-provider="Invalid_LogInCredentials" finished-at="2024-06-06T15:43:44 IST" duration-ms="3509" status="PASS">
          <params>
            <param index="0">
              <value>
                <![CDATA[cde@gmail.com]]>
              </value>
            </param>
            <param index="1">
              <value>
                <![CDATA[xxx]]>
              </value>
            </param>
          </params>
          <reporter-output>
          </reporter-output>
        </test-method> <!-- InvalidLogin -->
        <test-method is-config="true" signature="browserClose()[pri:0, instance:test.DemoBlazeTest@46d59067]" started-at="2024-06-06T15:43:44 IST" name="browserClose" finished-at="2024-06-06T15:43:44 IST" duration-ms="437" status="PASS">
          <reporter-output>
          </reporter-output>
        </test-method> <!-- browserClose -->
        <test-method is-config="true" signature="browserLaunch(java.lang.String,java.lang.String)[pri:0, instance:test.DemoBlazeTest@46d59067]" started-at="2024-06-06T15:43:44 IST" name="browserLaunch" finished-at="2024-06-06T15:43:49 IST" duration-ms="5317" status="PASS">
          <params>
            <param index="0">
              <value>
                <![CDATA[chrome]]>
              </value>
            </param>
            <param index="1">
              <value>
                <![CDATA[https://www.demoblaze.com/]]>
              </value>
            </param>
          </params>
          <reporter-output>
          </reporter-output>
        </test-method> <!-- browserLaunch -->
        <test-method signature="InvalidLogin(java.lang.String,java.lang.String)[pri:5, instance:test.DemoBlazeTest@46d59067]" started-at="2024-06-06T15:43:49 IST" name="InvalidLogin" data-provider="Invalid_LogInCredentials" finished-at="2024-06-06T15:43:51 IST" duration-ms="2026" status="PASS">
          <params>
            <param index="0">
              <value>
                <![CDATA[]]>
              </value>
            </param>
            <param index="1">
              <value>
                <![CDATA[efg]]>
              </value>
            </param>
          </params>
          <reporter-output>
          </reporter-output>
        </test-method> <!-- InvalidLogin -->
        <test-method is-config="true" signature="browserClose()[pri:0, instance:test.DemoBlazeTest@46d59067]" started-at="2024-06-06T15:43:51 IST" name="browserClose" finished-at="2024-06-06T15:43:52 IST" duration-ms="413" status="PASS">
          <reporter-output>
          </reporter-output>
        </test-method> <!-- browserClose -->
      </class> <!-- test.DemoBlazeTest -->
    </test> <!-- Test -->
  </suite> <!-- Suite -->
</testng-results>
